[debug] [2022-11-14T16:37:14.552Z] ----------------------------------------------------------------------
[debug] [2022-11-14T16:37:14.554Z] Command:       C:\Program Files\nodejs\node.exe C:\Users\nuke1\AppData\Roaming\npm\node_modules\firebase-tools\lib\bin\firebase.js init
[debug] [2022-11-14T16:37:14.555Z] CLI Version:   11.16.0
[debug] [2022-11-14T16:37:14.555Z] Platform:      win32
[debug] [2022-11-14T16:37:14.555Z] Node Version:  v16.14.2
[debug] [2022-11-14T16:37:14.556Z] Time:          Mon Nov 14 2022 17:37:14 GMT+0100 (sentraleuropeisk normaltid)
[debug] [2022-11-14T16:37:14.556Z] ----------------------------------------------------------------------
[debug] 
[debug] [2022-11-14T16:37:14.565Z] > command requires scopes: ["email","openid","https://www.googleapis.com/auth/cloudplatformprojects.readonly","https://www.googleapis.com/auth/firebase","https://www.googleapis.com/auth/cloud-platform"]
[debug] [2022-11-14T16:37:14.566Z] > authorizing via signed-in user (jonesma@stud.ntnu.no)
[info] 
     ######## #### ########  ######## ########     ###     ######  ########
     ##        ##  ##     ## ##       ##     ##  ##   ##  ##       ##
     ######    ##  ########  ######   ########  #########  ######  ######
     ##        ##  ##    ##  ##       ##     ## ##     ##       ## ##
     ##       #### ##     ## ######## ########  ##     ##  ######  ########

You're about to initialize a Firebase project in this directory:

  D:\NTNU\hobbyprosjekt\ReactExercises\soloproject1

[info] 
=== Project Setup
[info] 
[info] First, let's associate this project directory with a Firebase project.
[info] You can create multiple project aliases by running firebase use --add, 
[info] but for now we'll just set up a default project.
[info] 
[debug] [2022-11-14T16:38:59.166Z] > refreshing access token with scopes: []
[debug] [2022-11-14T16:38:59.169Z] >>> [apiv2][query] POST https://www.googleapis.com/oauth2/v3/token [none]
[debug] [2022-11-14T16:38:59.169Z] >>> [apiv2][body] POST https://www.googleapis.com/oauth2/v3/token [omitted]
[debug] [2022-11-14T16:38:59.321Z] <<< [apiv2][status] POST https://www.googleapis.com/oauth2/v3/token 200
[debug] [2022-11-14T16:38:59.321Z] <<< [apiv2][body] POST https://www.googleapis.com/oauth2/v3/token [omitted]
[debug] [2022-11-14T16:38:59.335Z] >>> [apiv2][query] GET https://firebase.googleapis.com/v1beta1/projects pageSize=100
[debug] [2022-11-14T16:38:59.910Z] <<< [apiv2][status] GET https://firebase.googleapis.com/v1beta1/projects 200
[debug] [2022-11-14T16:38:59.910Z] <<< [apiv2][body] GET https://firebase.googleapis.com/v1beta1/projects [omitted]
[debug] [2022-11-14T16:39:23.997Z] ----------------------------------------------------------------------
[debug] [2022-11-14T16:39:23.999Z] Command:       C:\Program Files\nodejs\node.exe C:\Users\nuke1\AppData\Roaming\npm\node_modules\firebase-tools\lib\bin\firebase.js init
[debug] [2022-11-14T16:39:23.999Z] CLI Version:   11.16.0
[debug] [2022-11-14T16:39:23.999Z] Platform:      win32
[debug] [2022-11-14T16:39:23.999Z] Node Version:  v16.14.2
[debug] [2022-11-14T16:39:24.000Z] Time:          Mon Nov 14 2022 17:39:24 GMT+0100 (sentraleuropeisk normaltid)
[debug] [2022-11-14T16:39:24.001Z] ----------------------------------------------------------------------
[debug] 
[debug] [2022-11-14T16:39:24.009Z] > command requires scopes: ["email","openid","https://www.googleapis.com/auth/cloudplatformprojects.readonly","https://www.googleapis.com/auth/firebase","https://www.googleapis.com/auth/cloud-platform"]
[debug] [2022-11-14T16:39:24.010Z] > authorizing via signed-in user (jonesma@stud.ntnu.no)
[info] 
     ######## #### ########  ######## ########     ###     ######  ########
     ##        ##  ##     ## ##       ##     ##  ##   ##  ##       ##
     ######    ##  ########  ######   ########  #########  ######  ######
     ##        ##  ##    ##  ##       ##     ## ##     ##       ## ##
     ##       #### ##     ## ######## ########  ##     ##  ######  ########

You're about to initialize a Firebase project in this directory:

  D:\NTNU\hobbyprosjekt\ReactExercises\soloproject1

[info] 
=== Project Setup
[info] 
[info] First, let's associate this project directory with a Firebase project.
[info] You can create multiple project aliases by running firebase use --add, 
[info] but for now we'll just set up a default project.
[info] 
[info] i  If you want to create a project in a Google Cloud organization or folder, please use "firebase projects:create" instead, and return to this command when you've created the project. 
[debug] [2022-11-14T16:41:33.163Z] >>> [apiv2][query] POST https://cloudresourcemanager.googleapis.com/v1/projects [none]
[debug] [2022-11-14T16:41:33.163Z] >>> [apiv2][body] POST https://cloudresourcemanager.googleapis.com/v1/projects {"projectId":"ReactSolo1","name":"skytjenestepipeline"}
[debug] [2022-11-14T16:41:33.982Z] <<< [apiv2][status] POST https://cloudresourcemanager.googleapis.com/v1/projects 400
[debug] [2022-11-14T16:41:33.982Z] <<< [apiv2][body] POST https://cloudresourcemanager.googleapis.com/v1/projects {"error":{"code":400,"message":"field [project_id] has issue [project_id contains invalid characters]","status":"INVALID_ARGUMENT","details":[{"@type":"type.googleapis.com/google.rpc.BadRequest","fieldViolations":[{"field":"project_id","description":"project_id contains invalid characters"}]},{"@type":"type.googleapis.com/google.rpc.Help","links":[{"url":"https://cloud.google.com/resource-manager/reference/rest/v1/projects"}]}]}}
[debug] [2022-11-14T16:41:34.093Z] FirebaseError: HTTP Error: 400, field [project_id] has issue [project_id contains invalid characters]
    at responseToError (C:\Users\nuke1\AppData\Roaming\npm\node_modules\firebase-tools\lib\responseToError.js:49:12)
    at RetryOperation._fn (C:\Users\nuke1\AppData\Roaming\npm\node_modules\firebase-tools\lib\apiv2.js:288:77)
    at processTicksAndRejections (node:internal/process/task_queues:96:5)
[error] 
[error] Error: Failed to create project. See firebase-debug.log for more info.
